[24-04-2018 05:38:39] PayPal\Core\PayPalHttpConnection : INFO: POST https://api.sandbox.paypal.com/v1/oauth2/token
[24-04-2018 05:38:47] PayPal\Core\PayPalHttpConnection : INFO: Response Status 	: 200
[24-04-2018 05:38:47] PayPal\Core\PayPalHttpConnection : INFO: POST https://api.sandbox.paypal.com/v1/payments/payment
[24-04-2018 05:38:50] PayPal\Core\PayPalHttpConnection : INFO: Response Status 	: 201
[24-04-2018 05:40:25] PayPal\Core\PayPalHttpConnection : INFO: POST https://api.sandbox.paypal.com/v1/oauth2/token
[24-04-2018 05:40:28] PayPal\Core\PayPalHttpConnection : INFO: Response Status 	: 200
[24-04-2018 05:40:28] PayPal\Core\PayPalHttpConnection : INFO: POST https://api.sandbox.paypal.com/v1/payments/payment
[24-04-2018 05:40:32] PayPal\Core\PayPalHttpConnection : INFO: Response Status 	: 201
[24-04-2018 05:43:15] PayPal\Core\PayPalHttpConnection : INFO: POST https://api.sandbox.paypal.com/v1/oauth2/token
[24-04-2018 05:43:19] PayPal\Core\PayPalHttpConnection : INFO: Response Status 	: 200
[24-04-2018 05:43:19] PayPal\Core\PayPalHttpConnection : INFO: POST https://api.sandbox.paypal.com/v1/payments/payment
[24-04-2018 05:43:23] PayPal\Core\PayPalHttpConnection : INFO: Response Status 	: 201
[24-04-2018 05:59:33] PayPal\Core\PayPalHttpConnection : INFO: POST https://api.sandbox.paypal.com/v1/oauth2/token
[24-04-2018 05:59:39] PayPal\Core\PayPalHttpConnection : INFO: Response Status 	: 200
[24-04-2018 05:59:39] PayPal\Core\PayPalHttpConnection : INFO: POST https://api.sandbox.paypal.com/v1/payments/payment
[24-04-2018 05:59:46] PayPal\Core\PayPalHttpConnection : INFO: Response Status 	: 201
[24-04-2018 06:06:10] PayPal\Core\PayPalHttpConnection : INFO: POST https://api.sandbox.paypal.com/v1/oauth2/token
[24-04-2018 06:06:13] PayPal\Core\PayPalHttpConnection : INFO: Response Status 	: 200
[24-04-2018 06:06:13] PayPal\Core\PayPalHttpConnection : INFO: POST https://api.sandbox.paypal.com/v1/payments/payment
[24-04-2018 06:06:16] PayPal\Core\PayPalHttpConnection : INFO: Response Status 	: 201
[24-04-2018 06:11:50] PayPal\Core\PayPalHttpConnection : INFO: POST https://api.sandbox.paypal.com/v1/oauth2/token
[24-04-2018 06:11:53] PayPal\Core\PayPalHttpConnection : INFO: Response Status 	: 200
[24-04-2018 06:11:53] PayPal\Core\PayPalHttpConnection : INFO: POST https://api.sandbox.paypal.com/v1/payments/payment
[24-04-2018 06:11:56] PayPal\Core\PayPalHttpConnection : INFO: Response Status 	: 201
[24-04-2018 06:59:49] PayPal\Core\PayPalHttpConnection : INFO: POST https://api.sandbox.paypal.com/v1/oauth2/token
[24-04-2018 06:59:52] PayPal\Core\PayPalHttpConnection : INFO: Response Status 	: 200
[24-04-2018 06:59:52] PayPal\Core\PayPalHttpConnection : INFO: POST https://api.sandbox.paypal.com/v1/payments/payment
[24-04-2018 06:59:56] PayPal\Core\PayPalHttpConnection : INFO: Response Status 	: 201
[24-04-2018 07:01:51] PayPal\Core\PayPalHttpConnection : INFO: POST https://api.sandbox.paypal.com/v1/oauth2/token
[24-04-2018 07:01:56] PayPal\Core\PayPalHttpConnection : INFO: Response Status 	: 200
[24-04-2018 07:01:56] PayPal\Core\PayPalHttpConnection : INFO: POST https://api.sandbox.paypal.com/v1/payments/payment
[24-04-2018 07:01:59] PayPal\Core\PayPalHttpConnection : INFO: Response Status 	: 201
[24-04-2018 07:04:52] PayPal\Core\PayPalHttpConnection : INFO: POST https://api.sandbox.paypal.com/v1/oauth2/token
[24-04-2018 07:04:56] PayPal\Core\PayPalHttpConnection : INFO: Response Status 	: 200
[24-04-2018 07:04:56] PayPal\Core\PayPalHttpConnection : INFO: POST https://api.sandbox.paypal.com/v1/payments/payment
[24-04-2018 07:05:00] PayPal\Core\PayPalHttpConnection : INFO: Response Status 	: 201
[24-04-2018 07:11:56] PayPal\Core\PayPalHttpConnection : INFO: POST https://api.sandbox.paypal.com/v1/oauth2/token
[24-04-2018 07:11:59] PayPal\Core\PayPalHttpConnection : INFO: Response Status 	: 200
[24-04-2018 07:11:59] PayPal\Core\PayPalHttpConnection : INFO: POST https://api.sandbox.paypal.com/v1/payments/payment
[24-04-2018 07:12:02] PayPal\Core\PayPalHttpConnection : INFO: Response Status 	: 201
[24-04-2018 07:13:18] PayPal\Core\PayPalHttpConnection : INFO: POST https://api.sandbox.paypal.com/v1/oauth2/token
[24-04-2018 07:13:21] PayPal\Core\PayPalHttpConnection : INFO: Response Status 	: 200
[24-04-2018 07:13:21] PayPal\Core\PayPalHttpConnection : INFO: POST https://api.sandbox.paypal.com/v1/payments/payment
[24-04-2018 07:13:24] PayPal\Core\PayPalHttpConnection : INFO: Response Status 	: 201
[24-04-2018 07:15:08] PayPal\Core\PayPalHttpConnection : INFO: POST https://api.sandbox.paypal.com/v1/oauth2/token
[24-04-2018 07:15:11] PayPal\Core\PayPalHttpConnection : INFO: Response Status 	: 200
[24-04-2018 07:15:11] PayPal\Core\PayPalHttpConnection : INFO: POST https://api.sandbox.paypal.com/v1/payments/payment
[24-04-2018 07:15:14] PayPal\Core\PayPalHttpConnection : INFO: Response Status 	: 201
[24-04-2018 07:28:14] PayPal\Core\PayPalHttpConnection : INFO: POST https://api.sandbox.paypal.com/v1/oauth2/token
[24-04-2018 07:28:17] PayPal\Core\PayPalHttpConnection : INFO: Response Status 	: 200
[24-04-2018 07:28:17] PayPal\Core\PayPalHttpConnection : INFO: POST https://api.sandbox.paypal.com/v1/payments/payment
[24-04-2018 07:28:20] PayPal\Core\PayPalHttpConnection : INFO: Response Status 	: 201
[24-04-2018 07:36:09] PayPal\Core\PayPalHttpConnection : INFO: POST https://api.sandbox.paypal.com/v1/oauth2/token
[24-04-2018 07:37:26] PayPal\Core\PayPalHttpConnection : INFO: POST https://api.sandbox.paypal.com/v1/oauth2/token
[24-04-2018 07:37:29] PayPal\Core\PayPalHttpConnection : INFO: Response Status 	: 200
[24-04-2018 07:37:29] PayPal\Core\PayPalHttpConnection : INFO: POST https://api.sandbox.paypal.com/v1/payments/payment
[24-04-2018 07:37:33] PayPal\Core\PayPalHttpConnection : INFO: Response Status 	: 201
[24-04-2018 09:11:23] PayPal\Core\PayPalHttpConnection : INFO: POST https://api.sandbox.paypal.com/v1/oauth2/token
[24-04-2018 09:11:29] PayPal\Core\PayPalHttpConnection : INFO: Response Status 	: 200
[24-04-2018 09:11:29] PayPal\Core\PayPalHttpConnection : INFO: POST https://api.sandbox.paypal.com/v1/payments/payment
[24-04-2018 09:11:33] PayPal\Core\PayPalHttpConnection : INFO: Response Status 	: 500
[24-04-2018 09:11:33] PayPal\Core\PayPalHttpConnection : ERROR: Got Http response code 500 when accessing https://api.sandbox.paypal.com/v1/payments/payment. {"name":"INTERNAL_SERVICE_ERROR","message":"An internal service error occurred.","information_link":"https://developer.paypal.com/docs/api/payments/#errors","debug_id":"1815549ea06b9"}
[24-04-2018 09:12:31] PayPal\Core\PayPalHttpConnection : INFO: POST https://api.sandbox.paypal.com/v1/oauth2/token
[24-04-2018 09:12:33] PayPal\Core\PayPalHttpConnection : INFO: Response Status 	: 200
[24-04-2018 09:12:33] PayPal\Core\PayPalHttpConnection : INFO: POST https://api.sandbox.paypal.com/v1/payments/payment
[24-04-2018 09:12:37] PayPal\Core\PayPalHttpConnection : INFO: Response Status 	: 201
[24-04-2018 09:16:01] PayPal\Core\PayPalHttpConnection : INFO: POST https://api.sandbox.paypal.com/v1/oauth2/token
[24-04-2018 09:16:05] PayPal\Core\PayPalHttpConnection : INFO: Response Status 	: 200
[24-04-2018 09:16:05] PayPal\Core\PayPalHttpConnection : INFO: POST https://api.sandbox.paypal.com/v1/payments/payment
[24-04-2018 09:16:08] PayPal\Core\PayPalHttpConnection : INFO: Response Status 	: 500
[24-04-2018 09:16:08] PayPal\Core\PayPalHttpConnection : ERROR: Got Http response code 500 when accessing https://api.sandbox.paypal.com/v1/payments/payment. {"name":"INTERNAL_SERVICE_ERROR","message":"An internal service error occurred.","information_link":"https://developer.paypal.com/docs/api/payments/#errors","debug_id":"8ea5e3d01c6a3"}
[24-04-2018 09:17:17] PayPal\Core\PayPalHttpConnection : INFO: POST https://api.sandbox.paypal.com/v1/oauth2/token
[24-04-2018 09:17:21] PayPal\Core\PayPalHttpConnection : INFO: Response Status 	: 200
[24-04-2018 09:17:21] PayPal\Core\PayPalHttpConnection : INFO: POST https://api.sandbox.paypal.com/v1/payments/payment
[24-04-2018 09:17:24] PayPal\Core\PayPalHttpConnection : INFO: Response Status 	: 500
[24-04-2018 09:17:24] PayPal\Core\PayPalHttpConnection : ERROR: Got Http response code 500 when accessing https://api.sandbox.paypal.com/v1/payments/payment. {"name":"INTERNAL_SERVICE_ERROR","message":"An internal service error occurred.","information_link":"https://developer.paypal.com/docs/api/payments/#errors","debug_id":"8d68ff911fca2"}
[24-04-2018 09:54:29] PayPal\Core\PayPalHttpConnection : INFO: POST https://api.sandbox.paypal.com/v1/oauth2/token
[24-04-2018 09:54:32] PayPal\Core\PayPalHttpConnection : INFO: Response Status 	: 200
[24-04-2018 09:54:32] PayPal\Core\PayPalHttpConnection : INFO: POST https://api.sandbox.paypal.com/v1/payments/payment
[24-04-2018 09:54:36] PayPal\Core\PayPalHttpConnection : INFO: Response Status 	: 201
[24-04-2018 01:21:30] PayPal\Core\PayPalHttpConnection : INFO: POST https://api.sandbox.paypal.com/v1/oauth2/token
[24-04-2018 01:21:33] PayPal\Core\PayPalHttpConnection : INFO: Response Status 	: 200
[24-04-2018 01:21:33] PayPal\Core\PayPalHttpConnection : INFO: POST https://api.sandbox.paypal.com/v1/payments/payment
[24-04-2018 01:21:36] PayPal\Core\PayPalHttpConnection : INFO: Response Status 	: 201
[25-04-2018 10:10:05] PayPal\Core\PayPalHttpConnection : INFO: POST https://api.sandbox.paypal.com/v1/oauth2/token
[25-04-2018 10:10:09] PayPal\Core\PayPalHttpConnection : INFO: Response Status 	: 200
[25-04-2018 10:10:09] PayPal\Core\PayPalHttpConnection : INFO: POST https://api.sandbox.paypal.com/v1/payments/payment
[25-04-2018 10:10:12] PayPal\Core\PayPalHttpConnection : INFO: Response Status 	: 201
[25-04-2018 10:10:41] PayPal\Core\PayPalHttpConnection : INFO: POST https://api.sandbox.paypal.com/v1/oauth2/token
[25-04-2018 10:10:43] PayPal\Core\PayPalHttpConnection : INFO: Response Status 	: 200
[25-04-2018 10:10:43] PayPal\Core\PayPalHttpConnection : INFO: POST https://api.sandbox.paypal.com/v1/payments/payment
[25-04-2018 10:10:47] PayPal\Core\PayPalHttpConnection : INFO: Response Status 	: 201
[25-04-2018 10:16:19] PayPal\Core\PayPalHttpConnection : INFO: POST https://api.sandbox.paypal.com/v1/oauth2/token
[25-04-2018 10:17:48] PayPal\Core\PayPalHttpConnection : INFO: POST https://api.sandbox.paypal.com/v1/oauth2/token
[25-04-2018 10:17:51] PayPal\Core\PayPalHttpConnection : INFO: Response Status 	: 200
[25-04-2018 10:17:51] PayPal\Core\PayPalHttpConnection : INFO: POST https://api.sandbox.paypal.com/v1/payments/payment
[25-04-2018 10:17:54] PayPal\Core\PayPalHttpConnection : INFO: Response Status 	: 201
[25-04-2018 10:20:38] PayPal\Core\PayPalHttpConnection : INFO: POST https://api.sandbox.paypal.com/v1/oauth2/token
[25-04-2018 10:20:40] PayPal\Core\PayPalHttpConnection : INFO: Response Status 	: 200
[25-04-2018 10:20:40] PayPal\Core\PayPalHttpConnection : INFO: POST https://api.sandbox.paypal.com/v1/payments/payment
[25-04-2018 10:20:44] PayPal\Core\PayPalHttpConnection : INFO: Response Status 	: 201
[25-04-2018 10:21:50] PayPal\Core\PayPalHttpConnection : INFO: POST https://api.sandbox.paypal.com/v1/oauth2/token
[25-04-2018 10:21:54] PayPal\Core\PayPalHttpConnection : INFO: Response Status 	: 200
[25-04-2018 10:21:54] PayPal\Core\PayPalHttpConnection : INFO: POST https://api.sandbox.paypal.com/v1/payments/payment
[25-04-2018 10:21:57] PayPal\Core\PayPalHttpConnection : INFO: Response Status 	: 201
[25-04-2018 10:29:41] PayPal\Core\PayPalHttpConnection : INFO: POST https://api.sandbox.paypal.com/v1/oauth2/token
[25-04-2018 10:29:44] PayPal\Core\PayPalHttpConnection : INFO: Response Status 	: 200
[25-04-2018 10:29:44] PayPal\Core\PayPalHttpConnection : INFO: POST https://api.sandbox.paypal.com/v1/payments/payment
[25-04-2018 10:29:47] PayPal\Core\PayPalHttpConnection : INFO: Response Status 	: 201
[25-04-2018 10:43:42] PayPal\Core\PayPalHttpConnection : INFO: POST https://api.sandbox.paypal.com/v1/oauth2/token
[25-04-2018 10:43:46] PayPal\Core\PayPalHttpConnection : INFO: Response Status 	: 200
[25-04-2018 10:43:46] PayPal\Core\PayPalHttpConnection : INFO: POST https://api.sandbox.paypal.com/v1/payments/payment
[25-04-2018 10:43:49] PayPal\Core\PayPalHttpConnection : INFO: Response Status 	: 201
[25-04-2018 10:44:25] PayPal\Core\PayPalHttpConnection : INFO: POST https://api.sandbox.paypal.com/v1/oauth2/token
[25-04-2018 10:44:28] PayPal\Core\PayPalHttpConnection : INFO: Response Status 	: 200
[25-04-2018 10:44:28] PayPal\Core\PayPalHttpConnection : INFO: POST https://api.sandbox.paypal.com/v1/payments/payment
[25-04-2018 10:44:34] PayPal\Core\PayPalHttpConnection : INFO: Response Status 	: 201
[25-04-2018 10:46:10] PayPal\Core\PayPalHttpConnection : INFO: POST https://api.sandbox.paypal.com/v1/oauth2/token
[25-04-2018 10:46:12] PayPal\Core\PayPalHttpConnection : INFO: Response Status 	: 200
[25-04-2018 10:46:12] PayPal\Core\PayPalHttpConnection : INFO: POST https://api.sandbox.paypal.com/v1/payments/payment
[25-04-2018 10:46:16] PayPal\Core\PayPalHttpConnection : INFO: Response Status 	: 201
[25-04-2018 12:11:50] PayPal\Core\PayPalHttpConnection : INFO: POST https://api.sandbox.paypal.com/v1/oauth2/token
[25-04-2018 12:11:53] PayPal\Core\PayPalHttpConnection : INFO: Response Status 	: 200
[25-04-2018 12:11:53] PayPal\Core\PayPalHttpConnection : INFO: POST https://api.sandbox.paypal.com/v1/payments/payment
[25-04-2018 12:11:56] PayPal\Core\PayPalHttpConnection : INFO: Response Status 	: 201
[25-04-2018 12:45:04] PayPal\Core\PayPalHttpConnection : INFO: POST https://api.sandbox.paypal.com/v1/oauth2/token
[25-04-2018 12:45:07] PayPal\Core\PayPalHttpConnection : INFO: Response Status 	: 200
[25-04-2018 12:45:07] PayPal\Core\PayPalHttpConnection : INFO: POST https://api.sandbox.paypal.com/v1/payments/payment
[25-04-2018 12:45:11] PayPal\Core\PayPalHttpConnection : INFO: Response Status 	: 201
[25-04-2018 01:59:16] PayPal\Core\PayPalHttpConnection : INFO: POST https://api.sandbox.paypal.com/v1/oauth2/token
[25-04-2018 01:59:19] PayPal\Core\PayPalHttpConnection : INFO: Response Status 	: 200
[25-04-2018 01:59:19] PayPal\Core\PayPalHttpConnection : INFO: POST https://api.sandbox.paypal.com/v1/payments/payment
[25-04-2018 01:59:23] PayPal\Core\PayPalHttpConnection : INFO: Response Status 	: 201
[03-05-2018 05:05:22] PayPal\Core\PayPalHttpConnection : INFO: POST https://api.sandbox.paypal.com/v1/oauth2/token
[03-05-2018 05:05:26] PayPal\Core\PayPalHttpConnection : INFO: Response Status 	: 200
[03-05-2018 05:05:26] PayPal\Core\PayPalHttpConnection : INFO: POST https://api.sandbox.paypal.com/v1/payments/payment
[03-05-2018 05:05:29] PayPal\Core\PayPalHttpConnection : INFO: Response Status 	: 201
[03-05-2018 05:17:55] PayPal\Core\PayPalHttpConnection : INFO: POST https://api.sandbox.paypal.com/v1/oauth2/token
[03-05-2018 05:17:58] PayPal\Core\PayPalHttpConnection : INFO: Response Status 	: 200
[03-05-2018 05:17:58] PayPal\Core\PayPalHttpConnection : INFO: POST https://api.sandbox.paypal.com/v1/payments/payment
[03-05-2018 05:18:01] PayPal\Core\PayPalHttpConnection : INFO: Response Status 	: 201
[03-05-2018 05:19:04] PayPal\Core\PayPalHttpConnection : INFO: POST https://api.sandbox.paypal.com/v1/oauth2/token
[03-05-2018 05:19:07] PayPal\Core\PayPalHttpConnection : INFO: Response Status 	: 200
[03-05-2018 05:19:07] PayPal\Core\PayPalHttpConnection : INFO: POST https://api.sandbox.paypal.com/v1/payments/payment
[03-05-2018 05:19:11] PayPal\Core\PayPalHttpConnection : INFO: Response Status 	: 201
[07-05-2018 12:26:10] PayPal\Core\PayPalHttpConnection : INFO: POST https://api.sandbox.paypal.com/v1/oauth2/token
[07-05-2018 12:26:13] PayPal\Core\PayPalHttpConnection : INFO: Response Status 	: 200
[07-05-2018 12:26:13] PayPal\Core\PayPalHttpConnection : INFO: POST https://api.sandbox.paypal.com/v1/payments/payment
[07-05-2018 12:26:16] PayPal\Core\PayPalHttpConnection : INFO: Response Status 	: 201
[09-05-2018 09:37:58] PayPal\Core\PayPalHttpConnection : INFO: POST https://api.sandbox.paypal.com/v1/oauth2/token
[09-05-2018 09:38:01] PayPal\Core\PayPalHttpConnection : INFO: Response Status 	: 200
[09-05-2018 09:38:01] PayPal\Core\PayPalHttpConnection : INFO: POST https://api.sandbox.paypal.com/v1/payments/payment
[09-05-2018 09:38:04] PayPal\Core\PayPalHttpConnection : INFO: Response Status 	: 201
[09-05-2018 09:40:59] PayPal\Core\PayPalHttpConnection : INFO: POST https://api.sandbox.paypal.com/v1/oauth2/token
[09-05-2018 09:41:02] PayPal\Core\PayPalHttpConnection : INFO: Response Status 	: 200
[09-05-2018 09:41:02] PayPal\Core\PayPalHttpConnection : INFO: POST https://api.sandbox.paypal.com/v1/payments/payment
[09-05-2018 09:41:05] PayPal\Core\PayPalHttpConnection : INFO: Response Status 	: 201
[25-05-2018 11:53:51] PayPal\Core\PayPalHttpConnection : INFO: POST https://api.sandbox.paypal.com/v1/oauth2/token
[25-05-2018 11:53:55] PayPal\Core\PayPalHttpConnection : INFO: Response Status 	: 200
[25-05-2018 11:53:55] PayPal\Core\PayPalHttpConnection : INFO: POST https://api.sandbox.paypal.com/v1/payments/payment
[25-05-2018 11:53:58] PayPal\Core\PayPalHttpConnection : INFO: Response Status 	: 201
[25-05-2018 11:55:14] PayPal\Core\PayPalHttpConnection : INFO: POST https://api.sandbox.paypal.com/v1/oauth2/token
[25-05-2018 11:55:18] PayPal\Core\PayPalHttpConnection : INFO: Response Status 	: 200
[25-05-2018 11:55:18] PayPal\Core\PayPalHttpConnection : INFO: POST https://api.sandbox.paypal.com/v1/payments/payment
[25-05-2018 11:55:21] PayPal\Core\PayPalHttpConnection : INFO: Response Status 	: 201
[25-05-2018 12:02:27] PayPal\Core\PayPalHttpConnection : INFO: POST https://api.sandbox.paypal.com/v1/oauth2/token
[25-05-2018 12:02:33] PayPal\Core\PayPalHttpConnection : INFO: Response Status 	: 200
[25-05-2018 12:02:33] PayPal\Core\PayPalHttpConnection : INFO: POST https://api.sandbox.paypal.com/v1/payments/payment
[25-05-2018 12:02:36] PayPal\Core\PayPalHttpConnection : INFO: Response Status 	: 201
[25-05-2018 12:20:01] PayPal\Core\PayPalHttpConnection : INFO: POST https://api.sandbox.paypal.com/v1/oauth2/token
[25-05-2018 12:20:06] PayPal\Core\PayPalHttpConnection : INFO: Response Status 	: 200
[25-05-2018 12:20:06] PayPal\Core\PayPalHttpConnection : INFO: POST https://api.sandbox.paypal.com/v1/payments/payment
[25-05-2018 12:20:09] PayPal\Core\PayPalHttpConnection : INFO: Response Status 	: 201
[06-06-2018 06:37:01] PayPal\Core\PayPalHttpConnection : INFO: POST https://api.sandbox.paypal.com/v1/oauth2/token
[06-06-2018 06:37:02] PayPal\Core\PayPalHttpConnection : INFO: Response Status 	: 200
[06-06-2018 06:37:02] PayPal\Core\PayPalHttpConnection : INFO: POST https://api.sandbox.paypal.com/v1/payments/payment
[06-06-2018 06:37:03] PayPal\Core\PayPalHttpConnection : INFO: Response Status 	: 201
[06-06-2018 12:03:52] PayPal\Core\PayPalHttpConnection : INFO: POST https://api.sandbox.paypal.com/v1/oauth2/token
[06-06-2018 12:03:53] PayPal\Core\PayPalHttpConnection : INFO: Response Status 	: 200
[06-06-2018 12:03:53] PayPal\Core\PayPalHttpConnection : INFO: POST https://api.sandbox.paypal.com/v1/payments/payment
[06-06-2018 12:03:54] PayPal\Core\PayPalHttpConnection : INFO: Response Status 	: 201
[06-06-2018 12:16:32] PayPal\Core\PayPalHttpConnection : INFO: POST https://api.sandbox.paypal.com/v1/oauth2/token
[06-06-2018 12:16:32] PayPal\Core\PayPalHttpConnection : INFO: Response Status 	: 200
[06-06-2018 12:16:32] PayPal\Core\PayPalHttpConnection : INFO: POST https://api.sandbox.paypal.com/v1/payments/payment
[06-06-2018 12:16:34] PayPal\Core\PayPalHttpConnection : INFO: Response Status 	: 201
[06-06-2018 12:17:37] PayPal\Core\PayPalHttpConnection : INFO: POST https://api.sandbox.paypal.com/v1/oauth2/token
[06-06-2018 12:17:38] PayPal\Core\PayPalHttpConnection : INFO: Response Status 	: 200
[06-06-2018 12:17:38] PayPal\Core\PayPalHttpConnection : INFO: POST https://api.sandbox.paypal.com/v1/payments/payment
[06-06-2018 12:17:40] PayPal\Core\PayPalHttpConnection : INFO: Response Status 	: 201
[06-06-2018 12:18:14] PayPal\Core\PayPalHttpConnection : INFO: POST https://api.sandbox.paypal.com/v1/oauth2/token
[06-06-2018 12:18:15] PayPal\Core\PayPalHttpConnection : INFO: Response Status 	: 200
[06-06-2018 12:18:15] PayPal\Core\PayPalHttpConnection : INFO: POST https://api.sandbox.paypal.com/v1/payments/payment
[06-06-2018 12:18:16] PayPal\Core\PayPalHttpConnection : INFO: Response Status 	: 201
[06-06-2018 12:18:28] PayPal\Core\PayPalHttpConnection : INFO: POST https://api.sandbox.paypal.com/v1/oauth2/token
[06-06-2018 12:18:29] PayPal\Core\PayPalHttpConnection : INFO: Response Status 	: 200
[06-06-2018 12:18:29] PayPal\Core\PayPalHttpConnection : INFO: POST https://api.sandbox.paypal.com/v1/payments/payment
[06-06-2018 12:18:30] PayPal\Core\PayPalHttpConnection : INFO: Response Status 	: 201
[06-06-2018 12:26:34] PayPal\Core\PayPalHttpConnection : INFO: POST https://api.sandbox.paypal.com/v1/oauth2/token
[06-06-2018 12:26:34] PayPal\Core\PayPalHttpConnection : INFO: Response Status 	: 200
[06-06-2018 12:26:34] PayPal\Core\PayPalHttpConnection : INFO: POST https://api.sandbox.paypal.com/v1/payments/payment
[06-06-2018 12:26:35] PayPal\Core\PayPalHttpConnection : INFO: Response Status 	: 400
[06-06-2018 12:26:35] PayPal\Core\PayPalHttpConnection : ERROR: Got Http response code 400 when accessing https://api.sandbox.paypal.com/v1/payments/payment. {"name":"VALIDATION_ERROR","details":[{"field":"transactions[0].amount","issue":"Amount cannot be zero"}],"message":"Invalid request - see details","information_link":"https://developer.paypal.com/docs/api/payments/#errors","debug_id":"d4643f139554a"}
[06-06-2018 12:54:17] PayPal\Core\PayPalHttpConnection : INFO: POST https://api.sandbox.paypal.com/v1/oauth2/token
[06-06-2018 12:54:18] PayPal\Core\PayPalHttpConnection : INFO: Response Status 	: 200
[06-06-2018 12:54:18] PayPal\Core\PayPalHttpConnection : INFO: POST https://api.sandbox.paypal.com/v1/payments/payment
[06-06-2018 12:54:19] PayPal\Core\PayPalHttpConnection : INFO: Response Status 	: 201
[06-06-2018 12:59:55] PayPal\Core\PayPalHttpConnection : INFO: POST https://api.sandbox.paypal.com/v1/oauth2/token
[06-06-2018 12:59:56] PayPal\Core\PayPalHttpConnection : INFO: Response Status 	: 200
[06-06-2018 12:59:56] PayPal\Core\PayPalHttpConnection : INFO: POST https://api.sandbox.paypal.com/v1/payments/payment
[06-06-2018 12:59:57] PayPal\Core\PayPalHttpConnection : INFO: Response Status 	: 201
[06-06-2018 01:00:06] PayPal\Core\PayPalHttpConnection : INFO: POST https://api.sandbox.paypal.com/v1/oauth2/token
[06-06-2018 01:00:07] PayPal\Core\PayPalHttpConnection : INFO: Response Status 	: 200
[06-06-2018 01:00:07] PayPal\Core\PayPalHttpConnection : INFO: POST https://api.sandbox.paypal.com/v1/payments/payment
[06-06-2018 01:00:09] PayPal\Core\PayPalHttpConnection : INFO: Response Status 	: 201
[06-06-2018 01:00:53] PayPal\Core\PayPalHttpConnection : INFO: POST https://api.sandbox.paypal.com/v1/oauth2/token
[06-06-2018 01:00:54] PayPal\Core\PayPalHttpConnection : INFO: Response Status 	: 200
[06-06-2018 01:00:54] PayPal\Core\PayPalHttpConnection : INFO: POST https://api.sandbox.paypal.com/v1/payments/payment
[06-06-2018 01:00:56] PayPal\Core\PayPalHttpConnection : INFO: Response Status 	: 201
[06-06-2018 02:02:25] PayPal\Core\PayPalHttpConnection : INFO: POST https://api.sandbox.paypal.com/v1/oauth2/token
[06-06-2018 02:02:26] PayPal\Core\PayPalHttpConnection : INFO: Response Status 	: 200
[06-06-2018 02:02:26] PayPal\Core\PayPalHttpConnection : INFO: POST https://api.sandbox.paypal.com/v1/payments/payment
[06-06-2018 02:02:28] PayPal\Core\PayPalHttpConnection : INFO: Response Status 	: 201
[06-06-2018 02:20:29] PayPal\Core\PayPalHttpConnection : INFO: POST https://api.sandbox.paypal.com/v1/oauth2/token
[06-06-2018 02:20:30] PayPal\Core\PayPalHttpConnection : INFO: Response Status 	: 200
[06-06-2018 02:20:30] PayPal\Core\PayPalHttpConnection : INFO: POST https://api.sandbox.paypal.com/v1/payments/payment
[06-06-2018 02:20:32] PayPal\Core\PayPalHttpConnection : INFO: Response Status 	: 201
[06-06-2018 02:24:36] PayPal\Core\PayPalHttpConnection : INFO: POST https://api.sandbox.paypal.com/v1/oauth2/token
[06-06-2018 02:24:37] PayPal\Core\PayPalHttpConnection : INFO: Response Status 	: 200
[06-06-2018 02:24:37] PayPal\Core\PayPalHttpConnection : INFO: POST https://api.sandbox.paypal.com/v1/payments/payment
[06-06-2018 02:24:38] PayPal\Core\PayPalHttpConnection : INFO: Response Status 	: 201
[06-06-2018 03:06:59] PayPal\Core\PayPalHttpConnection : INFO: POST https://api.sandbox.paypal.com/v1/oauth2/token
[06-06-2018 03:07:02] PayPal\Core\PayPalHttpConnection : INFO: Response Status 	: 200
[06-06-2018 03:07:02] PayPal\Core\PayPalHttpConnection : INFO: POST https://api.sandbox.paypal.com/v1/payments/payment
[06-06-2018 03:07:04] PayPal\Core\PayPalHttpConnection : INFO: Response Status 	: 201
[06-06-2018 03:14:06] PayPal\Core\PayPalHttpConnection : INFO: POST https://api.sandbox.paypal.com/v1/oauth2/token
[06-06-2018 03:14:06] PayPal\Core\PayPalHttpConnection : INFO: Response Status 	: 200
[06-06-2018 03:14:06] PayPal\Core\PayPalHttpConnection : INFO: POST https://api.sandbox.paypal.com/v1/payments/payment
[06-06-2018 03:14:08] PayPal\Core\PayPalHttpConnection : INFO: Response Status 	: 201
[06-06-2018 03:19:49] PayPal\Core\PayPalHttpConnection : INFO: POST https://api.sandbox.paypal.com/v1/oauth2/token
[06-06-2018 03:19:50] PayPal\Core\PayPalHttpConnection : INFO: Response Status 	: 200
[06-06-2018 03:19:50] PayPal\Core\PayPalHttpConnection : INFO: POST https://api.sandbox.paypal.com/v1/payments/payment
[06-06-2018 03:19:51] PayPal\Core\PayPalHttpConnection : INFO: Response Status 	: 201
[06-06-2018 03:54:12] PayPal\Core\PayPalHttpConnection : INFO: POST https://api.sandbox.paypal.com/v1/oauth2/token
[06-06-2018 03:54:13] PayPal\Core\PayPalHttpConnection : INFO: Response Status 	: 200
[06-06-2018 03:54:13] PayPal\Core\PayPalHttpConnection : INFO: POST https://api.sandbox.paypal.com/v1/payments/payment
[06-06-2018 03:54:15] PayPal\Core\PayPalHttpConnection : INFO: Response Status 	: 201
[06-06-2018 04:31:54] PayPal\Core\PayPalHttpConnection : INFO: POST https://api.sandbox.paypal.com/v1/oauth2/token
[06-06-2018 04:31:55] PayPal\Core\PayPalHttpConnection : INFO: Response Status 	: 200
[06-06-2018 04:31:55] PayPal\Core\PayPalHttpConnection : INFO: POST https://api.sandbox.paypal.com/v1/payments/payment
[06-06-2018 04:31:57] PayPal\Core\PayPalHttpConnection : INFO: Response Status 	: 201
[06-06-2018 04:32:28] PayPal\Core\PayPalHttpConnection : INFO: POST https://api.sandbox.paypal.com/v1/oauth2/token
[06-06-2018 04:32:28] PayPal\Core\PayPalHttpConnection : INFO: Response Status 	: 200
[06-06-2018 04:32:28] PayPal\Core\PayPalHttpConnection : INFO: POST https://api.sandbox.paypal.com/v1/payments/payment
[06-06-2018 04:32:30] PayPal\Core\PayPalHttpConnection : INFO: Response Status 	: 201
[06-06-2018 04:33:24] PayPal\Core\PayPalHttpConnection : INFO: POST https://api.sandbox.paypal.com/v1/oauth2/token
[06-06-2018 04:33:25] PayPal\Core\PayPalHttpConnection : INFO: Response Status 	: 200
[06-06-2018 04:33:25] PayPal\Core\PayPalHttpConnection : INFO: POST https://api.sandbox.paypal.com/v1/payments/payment
[06-06-2018 04:33:26] PayPal\Core\PayPalHttpConnection : INFO: Response Status 	: 201
[06-06-2018 04:34:41] PayPal\Core\PayPalHttpConnection : INFO: POST https://api.sandbox.paypal.com/v1/oauth2/token
[06-06-2018 04:34:41] PayPal\Core\PayPalHttpConnection : INFO: Response Status 	: 200
[06-06-2018 04:34:41] PayPal\Core\PayPalHttpConnection : INFO: POST https://api.sandbox.paypal.com/v1/payments/payment
[06-06-2018 04:34:43] PayPal\Core\PayPalHttpConnection : INFO: Response Status 	: 201
[07-06-2018 05:51:04] PayPal\Core\PayPalHttpConnection : INFO: POST https://api.sandbox.paypal.com/v1/oauth2/token
[07-06-2018 05:51:05] PayPal\Core\PayPalHttpConnection : INFO: Response Status 	: 200
[07-06-2018 05:51:05] PayPal\Core\PayPalHttpConnection : INFO: POST https://api.sandbox.paypal.com/v1/payments/payment
[07-06-2018 05:51:06] PayPal\Core\PayPalHttpConnection : INFO: Response Status 	: 201
[07-06-2018 06:02:42] PayPal\Core\PayPalHttpConnection : INFO: POST https://api.sandbox.paypal.com/v1/oauth2/token
[07-06-2018 06:02:44] PayPal\Core\PayPalHttpConnection : INFO: Response Status 	: 200
[07-06-2018 06:02:44] PayPal\Core\PayPalHttpConnection : INFO: POST https://api.sandbox.paypal.com/v1/payments/payment
[07-06-2018 06:02:45] PayPal\Core\PayPalHttpConnection : INFO: Response Status 	: 201
[07-06-2018 06:24:44] PayPal\Core\PayPalHttpConnection : INFO: POST https://api.sandbox.paypal.com/v1/oauth2/token
[07-06-2018 06:24:45] PayPal\Core\PayPalHttpConnection : INFO: Response Status 	: 200
[07-06-2018 06:24:45] PayPal\Core\PayPalHttpConnection : INFO: POST https://api.sandbox.paypal.com/v1/payments/payment
[07-06-2018 06:24:46] PayPal\Core\PayPalHttpConnection : INFO: Response Status 	: 201
[07-06-2018 06:29:48] PayPal\Core\PayPalHttpConnection : INFO: POST https://api.sandbox.paypal.com/v1/oauth2/token
[07-06-2018 06:29:49] PayPal\Core\PayPalHttpConnection : INFO: Response Status 	: 200
[07-06-2018 06:29:49] PayPal\Core\PayPalHttpConnection : INFO: POST https://api.sandbox.paypal.com/v1/payments/payment
[07-06-2018 06:29:50] PayPal\Core\PayPalHttpConnection : INFO: Response Status 	: 201
[07-06-2018 06:33:20] PayPal\Core\PayPalHttpConnection : INFO: POST https://api.sandbox.paypal.com/v1/oauth2/token
[07-06-2018 06:33:21] PayPal\Core\PayPalHttpConnection : INFO: Response Status 	: 200
[07-06-2018 06:33:21] PayPal\Core\PayPalHttpConnection : INFO: POST https://api.sandbox.paypal.com/v1/payments/payment
[07-06-2018 06:33:23] PayPal\Core\PayPalHttpConnection : INFO: Response Status 	: 201
[07-06-2018 06:37:10] PayPal\Core\PayPalHttpConnection : INFO: POST https://api.sandbox.paypal.com/v1/oauth2/token
[07-06-2018 06:37:11] PayPal\Core\PayPalHttpConnection : INFO: Response Status 	: 200
[07-06-2018 06:37:11] PayPal\Core\PayPalHttpConnection : INFO: POST https://api.sandbox.paypal.com/v1/payments/payment
[07-06-2018 06:37:12] PayPal\Core\PayPalHttpConnection : INFO: Response Status 	: 201
[07-06-2018 06:56:20] PayPal\Core\PayPalHttpConnection : INFO: POST https://api.sandbox.paypal.com/v1/oauth2/token
[07-06-2018 06:56:21] PayPal\Core\PayPalHttpConnection : INFO: Response Status 	: 200
[07-06-2018 06:56:21] PayPal\Core\PayPalHttpConnection : INFO: POST https://api.sandbox.paypal.com/v1/payments/payment
[07-06-2018 06:56:23] PayPal\Core\PayPalHttpConnection : INFO: Response Status 	: 201
[07-06-2018 07:01:28] PayPal\Core\PayPalHttpConnection : INFO: POST https://api.sandbox.paypal.com/v1/oauth2/token
[07-06-2018 07:01:29] PayPal\Core\PayPalHttpConnection : INFO: Response Status 	: 200
[07-06-2018 07:01:29] PayPal\Core\PayPalHttpConnection : INFO: POST https://api.sandbox.paypal.com/v1/payments/payment
[07-06-2018 07:01:30] PayPal\Core\PayPalHttpConnection : INFO: Response Status 	: 201
[07-06-2018 07:06:23] PayPal\Core\PayPalHttpConnection : INFO: POST https://api.paypal.com/v1/oauth2/token
[07-06-2018 07:06:24] PayPal\Core\PayPalHttpConnection : INFO: Response Status 	: 200
[07-06-2018 07:06:24] PayPal\Core\PayPalHttpConnection : INFO: POST https://api.paypal.com/v1/payments/payment
[07-06-2018 07:06:26] PayPal\Core\PayPalHttpConnection : INFO: Response Status 	: 201
[07-06-2018 07:09:42] PayPal\Core\PayPalHttpConnection : INFO: POST https://api.paypal.com/v1/oauth2/token
[07-06-2018 07:09:43] PayPal\Core\PayPalHttpConnection : INFO: Response Status 	: 200
[07-06-2018 07:09:43] PayPal\Core\PayPalHttpConnection : INFO: POST https://api.paypal.com/v1/payments/payment
[07-06-2018 07:09:44] PayPal\Core\PayPalHttpConnection : INFO: Response Status 	: 201
[07-06-2018 07:16:16] PayPal\Core\PayPalHttpConnection : INFO: POST https://api.paypal.com/v1/oauth2/token
[07-06-2018 07:16:17] PayPal\Core\PayPalHttpConnection : INFO: Response Status 	: 200
[07-06-2018 07:16:17] PayPal\Core\PayPalHttpConnection : INFO: POST https://api.paypal.com/v1/payments/payment
[07-06-2018 07:16:18] PayPal\Core\PayPalHttpConnection : INFO: Response Status 	: 201
[07-06-2018 07:16:37] PayPal\Core\PayPalHttpConnection : INFO: POST https://api.paypal.com/v1/oauth2/token
[07-06-2018 07:16:38] PayPal\Core\PayPalHttpConnection : INFO: Response Status 	: 200
[07-06-2018 07:16:38] PayPal\Core\PayPalHttpConnection : INFO: POST https://api.paypal.com/v1/payments/payment
[07-06-2018 07:16:39] PayPal\Core\PayPalHttpConnection : INFO: Response Status 	: 201
[07-06-2018 10:14:22] PayPal\Core\PayPalHttpConnection : INFO: POST https://api.paypal.com/v1/oauth2/token
[07-06-2018 10:14:24] PayPal\Core\PayPalHttpConnection : INFO: Response Status 	: 200
[07-06-2018 10:14:24] PayPal\Core\PayPalHttpConnection : INFO: POST https://api.paypal.com/v1/payments/payment
[07-06-2018 10:14:25] PayPal\Core\PayPalHttpConnection : INFO: Response Status 	: 201
[07-06-2018 12:06:04] PayPal\Core\PayPalHttpConnection : INFO: POST https://api.paypal.com/v1/oauth2/token
[07-06-2018 12:06:05] PayPal\Core\PayPalHttpConnection : INFO: Response Status 	: 200
[07-06-2018 12:06:05] PayPal\Core\PayPalHttpConnection : INFO: POST https://api.paypal.com/v1/payments/payment
[07-06-2018 12:06:06] PayPal\Core\PayPalHttpConnection : INFO: Response Status 	: 201
[07-06-2018 01:28:33] PayPal\Core\PayPalHttpConnection : INFO: POST https://api.paypal.com/v1/oauth2/token
[07-06-2018 01:28:34] PayPal\Core\PayPalHttpConnection : INFO: Response Status 	: 200
[07-06-2018 01:28:34] PayPal\Core\PayPalHttpConnection : INFO: POST https://api.paypal.com/v1/payments/payment
[07-06-2018 01:28:36] PayPal\Core\PayPalHttpConnection : INFO: Response Status 	: 201
[07-06-2018 03:35:43] PayPal\Core\PayPalHttpConnection : INFO: POST https://api.paypal.com/v1/oauth2/token
[07-06-2018 03:35:44] PayPal\Core\PayPalHttpConnection : INFO: Response Status 	: 200
[07-06-2018 03:35:44] PayPal\Core\PayPalHttpConnection : INFO: POST https://api.paypal.com/v1/payments/payment
[07-06-2018 03:35:45] PayPal\Core\PayPalHttpConnection : INFO: Response Status 	: 201
[07-06-2018 04:39:17] PayPal\Core\PayPalHttpConnection : INFO: POST https://api.paypal.com/v1/oauth2/token
[07-06-2018 04:39:18] PayPal\Core\PayPalHttpConnection : INFO: Response Status 	: 200
[07-06-2018 04:39:18] PayPal\Core\PayPalHttpConnection : INFO: POST https://api.paypal.com/v1/payments/payment
[07-06-2018 04:39:20] PayPal\Core\PayPalHttpConnection : INFO: Response Status 	: 201
[07-06-2018 09:32:36] PayPal\Core\PayPalHttpConnection : INFO: POST https://api.paypal.com/v1/oauth2/token
[07-06-2018 09:32:37] PayPal\Core\PayPalHttpConnection : INFO: Response Status 	: 200
[07-06-2018 09:32:37] PayPal\Core\PayPalHttpConnection : INFO: POST https://api.paypal.com/v1/payments/payment
[07-06-2018 09:32:39] PayPal\Core\PayPalHttpConnection : INFO: Response Status 	: 201
[08-06-2018 06:40:07] PayPal\Core\PayPalHttpConnection : INFO: POST https://api.paypal.com/v1/oauth2/token
[08-06-2018 06:40:08] PayPal\Core\PayPalHttpConnection : INFO: Response Status 	: 200
[08-06-2018 06:40:08] PayPal\Core\PayPalHttpConnection : INFO: POST https://api.paypal.com/v1/payments/payment
[08-06-2018 06:40:10] PayPal\Core\PayPalHttpConnection : INFO: Response Status 	: 201
[08-06-2018 06:43:44] PayPal\Core\PayPalHttpConnection : INFO: POST https://api.paypal.com/v1/oauth2/token
[08-06-2018 06:43:45] PayPal\Core\PayPalHttpConnection : INFO: Response Status 	: 200
[08-06-2018 06:43:45] PayPal\Core\PayPalHttpConnection : INFO: POST https://api.paypal.com/v1/payments/payment
[08-06-2018 06:43:46] PayPal\Core\PayPalHttpConnection : INFO: Response Status 	: 201
[08-06-2018 06:45:03] PayPal\Core\PayPalHttpConnection : INFO: POST https://api.paypal.com/v1/oauth2/token
[08-06-2018 06:45:04] PayPal\Core\PayPalHttpConnection : INFO: Response Status 	: 200
[08-06-2018 06:45:04] PayPal\Core\PayPalHttpConnection : INFO: POST https://api.paypal.com/v1/payments/payment
[08-06-2018 06:45:05] PayPal\Core\PayPalHttpConnection : INFO: Response Status 	: 201
[08-06-2018 06:55:49] PayPal\Core\PayPalHttpConnection : INFO: POST https://api.paypal.com/v1/oauth2/token
[08-06-2018 06:55:50] PayPal\Core\PayPalHttpConnection : INFO: Response Status 	: 200
[08-06-2018 06:55:50] PayPal\Core\PayPalHttpConnection : INFO: POST https://api.paypal.com/v1/payments/payment
[08-06-2018 06:55:51] PayPal\Core\PayPalHttpConnection : INFO: Response Status 	: 201
[08-06-2018 07:07:02] PayPal\Core\PayPalHttpConnection : INFO: POST https://api.paypal.com/v1/oauth2/token
[08-06-2018 07:07:03] PayPal\Core\PayPalHttpConnection : INFO: Response Status 	: 200
[08-06-2018 07:07:03] PayPal\Core\PayPalHttpConnection : INFO: POST https://api.paypal.com/v1/payments/payment
[08-06-2018 07:07:04] PayPal\Core\PayPalHttpConnection : INFO: Response Status 	: 201
[08-06-2018 10:38:17] PayPal\Core\PayPalHttpConnection : INFO: POST https://api.paypal.com/v1/oauth2/token
[08-06-2018 10:38:19] PayPal\Core\PayPalHttpConnection : INFO: Response Status 	: 200
[08-06-2018 10:38:19] PayPal\Core\PayPalHttpConnection : INFO: POST https://api.paypal.com/v1/payments/payment
[08-06-2018 10:38:20] PayPal\Core\PayPalHttpConnection : INFO: Response Status 	: 201
[08-06-2018 12:43:46] PayPal\Core\PayPalHttpConnection : INFO: POST https://api.paypal.com/v1/oauth2/token
[08-06-2018 12:43:47] PayPal\Core\PayPalHttpConnection : INFO: Response Status 	: 200
[08-06-2018 12:43:47] PayPal\Core\PayPalHttpConnection : INFO: POST https://api.paypal.com/v1/payments/payment
[08-06-2018 12:43:48] PayPal\Core\PayPalHttpConnection : INFO: Response Status 	: 201
[08-06-2018 12:54:14] PayPal\Core\PayPalHttpConnection : INFO: POST https://api.paypal.com/v1/oauth2/token
[08-06-2018 12:54:15] PayPal\Core\PayPalHttpConnection : INFO: Response Status 	: 200
[08-06-2018 12:54:15] PayPal\Core\PayPalHttpConnection : INFO: POST https://api.paypal.com/v1/payments/payment
[08-06-2018 12:54:16] PayPal\Core\PayPalHttpConnection : INFO: Response Status 	: 201
[08-06-2018 12:58:36] PayPal\Core\PayPalHttpConnection : INFO: POST https://api.paypal.com/v1/oauth2/token
[08-06-2018 12:58:37] PayPal\Core\PayPalHttpConnection : INFO: Response Status 	: 200
[08-06-2018 12:58:37] PayPal\Core\PayPalHttpConnection : INFO: POST https://api.paypal.com/v1/payments/payment
[08-06-2018 12:58:38] PayPal\Core\PayPalHttpConnection : INFO: Response Status 	: 201
[08-06-2018 01:16:46] PayPal\Core\PayPalHttpConnection : INFO: POST https://api.paypal.com/v1/oauth2/token
[08-06-2018 01:16:47] PayPal\Core\PayPalHttpConnection : INFO: Response Status 	: 200
[08-06-2018 01:16:47] PayPal\Core\PayPalHttpConnection : INFO: POST https://api.paypal.com/v1/payments/payment
[08-06-2018 01:16:49] PayPal\Core\PayPalHttpConnection : INFO: Response Status 	: 201
[08-06-2018 01:22:11] PayPal\Core\PayPalHttpConnection : INFO: POST https://api.paypal.com/v1/oauth2/token
[08-06-2018 01:22:12] PayPal\Core\PayPalHttpConnection : INFO: Response Status 	: 200
[08-06-2018 01:22:12] PayPal\Core\PayPalHttpConnection : INFO: POST https://api.paypal.com/v1/payments/payment
[08-06-2018 01:22:13] PayPal\Core\PayPalHttpConnection : INFO: Response Status 	: 201
[08-06-2018 01:38:25] PayPal\Core\PayPalHttpConnection : INFO: POST https://api.paypal.com/v1/oauth2/token
[08-06-2018 01:38:26] PayPal\Core\PayPalHttpConnection : INFO: Response Status 	: 200
[08-06-2018 01:38:26] PayPal\Core\PayPalHttpConnection : INFO: POST https://api.paypal.com/v1/payments/payment
[08-06-2018 01:38:27] PayPal\Core\PayPalHttpConnection : INFO: Response Status 	: 201
[08-06-2018 01:41:41] PayPal\Core\PayPalHttpConnection : INFO: POST https://api.paypal.com/v1/oauth2/token
[08-06-2018 01:41:42] PayPal\Core\PayPalHttpConnection : INFO: Response Status 	: 200
[08-06-2018 01:41:42] PayPal\Core\PayPalHttpConnection : INFO: POST https://api.paypal.com/v1/payments/payment
[08-06-2018 01:41:43] PayPal\Core\PayPalHttpConnection : INFO: Response Status 	: 201
[08-06-2018 01:55:02] PayPal\Core\PayPalHttpConnection : INFO: POST https://api.paypal.com/v1/oauth2/token
[08-06-2018 01:55:03] PayPal\Core\PayPalHttpConnection : INFO: Response Status 	: 200
[08-06-2018 01:55:03] PayPal\Core\PayPalHttpConnection : INFO: POST https://api.paypal.com/v1/payments/payment
[08-06-2018 01:55:04] PayPal\Core\PayPalHttpConnection : INFO: Response Status 	: 201
[08-06-2018 02:40:31] PayPal\Core\PayPalHttpConnection : INFO: POST https://api.paypal.com/v1/oauth2/token
[08-06-2018 02:40:32] PayPal\Core\PayPalHttpConnection : INFO: Response Status 	: 200
[08-06-2018 02:40:32] PayPal\Core\PayPalHttpConnection : INFO: POST https://api.paypal.com/v1/payments/payment
[08-06-2018 02:40:33] PayPal\Core\PayPalHttpConnection : INFO: Response Status 	: 201
[08-06-2018 02:42:39] PayPal\Core\PayPalHttpConnection : INFO: POST https://api.paypal.com/v1/oauth2/token
[08-06-2018 02:42:40] PayPal\Core\PayPalHttpConnection : INFO: Response Status 	: 200
[08-06-2018 02:42:40] PayPal\Core\PayPalHttpConnection : INFO: POST https://api.paypal.com/v1/payments/payment
[08-06-2018 02:42:41] PayPal\Core\PayPalHttpConnection : INFO: Response Status 	: 201
[08-06-2018 03:47:52] PayPal\Core\PayPalHttpConnection : INFO: POST https://api.paypal.com/v1/oauth2/token
[08-06-2018 03:47:53] PayPal\Core\PayPalHttpConnection : INFO: Response Status 	: 200
[08-06-2018 03:47:53] PayPal\Core\PayPalHttpConnection : INFO: POST https://api.paypal.com/v1/payments/payment
[08-06-2018 03:47:55] PayPal\Core\PayPalHttpConnection : INFO: Response Status 	: 201
